Simple Bank Manager/task/build/intermediates/manifest_merge_blame_file/release/manifest-merger-blame-release-report.txt
1<?xml version="1.0" encoding="utf-8"?>
2<manifest xmlns:android="http://schemas.android.com/apk/res/android"
3    package="org.hyperskill.simplebankmanager"
4    android:versionCode="1"
5    android:versionName="1.0" >
6
7    <uses-sdk
8        android:minSdkVersion="20"
8-->src\main\AndroidManifest.xml
9        android:targetSdkVersion="29" />
9-->src\main\AndroidManifest.xml
10
11    <application
11-->src\main\AndroidManifest.xml:5:5-21:19
12        android:allowBackup="true"
12-->src\main\AndroidManifest.xml:6:9-35
13        android:appComponentFactory="androidx.core.app.CoreComponentFactory"
13-->[androidx.core:core:1.6.0] AndroidManifest.xml:24:18-86
14        android:label="@string/app_name"
14-->src\main\AndroidManifest.xml:7:9-41
15        android:supportsRtl="true"
15-->src\main\AndroidManifest.xml:8:9-35
16        android:theme="@style/Theme.MyApplication" >
16-->src\main\AndroidManifest.xml:9:9-51
17        <activity
17-->src\main\AndroidManifest.xml:11:9-20:20
18            android:name="org.hyperskill.simplebankmanager.MainActivity"
18-->src\main\AndroidManifest.xml:12:13-73
19            android:exported="true" >
19-->src\main\AndroidManifest.xml:13:13-36
20            <intent-filter>
20-->src\main\AndroidManifest.xml:15:13-19:29
21                <action android:name="android.intent.action.MAIN" />
21-->src\main\AndroidManifest.xml:16:17-69
21-->src\main\AndroidManifest.xml:16:25-66
22
23                <category android:name="android.intent.category.LAUNCHER" />
23-->src\main\AndroidManifest.xml:18:17-77
23-->src\main\AndroidManifest.xml:18:27-74
24            </intent-filter>
25        </activity>
26
27        <uses-library
27-->[androidx.window:window:1.0.0] AndroidManifest.xml:25:9-27:40
28            android:name="androidx.window.extensions"
28-->[androidx.window:window:1.0.0] AndroidManifest.xml:26:13-54
29            android:required="false" />
29-->[androidx.window:window:1.0.0] AndroidManifest.xml:27:13-37
30        <uses-library
30-->[androidx.window:window:1.0.0] AndroidManifest.xml:28:9-30:40
31            android:name="androidx.window.sidecar"
31-->[androidx.window:window:1.0.0] AndroidManifest.xml:29:13-51
32            android:required="false" />
32-->[androidx.window:window:1.0.0] AndroidManifest.xml:30:13-37
33    </application>
34
35</manifest>